Emptying app dir 'build-dir'
Downloading sources
Starting build of io.github.tobagin.karere.Dev
Cache hit for hunspell-dictionaries, skipping build
Cache hit for fonts-noto-color-emoji, skipping build
Cache miss, checking out last cache hit
========================================================================
Building module karere in /var/home/tobagin/Projects/karere/.flatpak-builder/build/karere-21
========================================================================
The Meson build system
Version: 1.9.1
Source dir: /run/build/karere
Build dir: /run/build/karere/_flatpak_build
Build type: native build
Project name: karere
Project version: 2.0.7
Rust compiler for the host machine: rustc -C linker=cc (rustc 1.92.0 "1.92.0")
Rust linker for the host machine: rustc -C linker=cc ld.bfd 2.45.1
Host machine cpu family: x86_64
Host machine cpu: x86_64
Found pkg-config: YES (/usr/bin/pkg-config) 2.5.1
Run-time dependency glib-2.0 found: YES 2.86.2
Run-time dependency gio-2.0 found: YES 2.86.2
Run-time dependency gtk4 found: YES 4.20.3
Run-time dependency libadwaita-1 found: YES 1.8.2
Program cargo found: YES (/usr/lib/sdk/rust-stable/bin/cargo)
Program build-aux/cargo.sh found: YES (/run/build/karere/build-aux/cargo.sh)
Message: No vendored cargo sources found, using default build
Message: Building with Cargo options: ['--release']
Configuring io.github.tobagin.karere.desktop.in using configuration
Program msgfmt found: YES (/usr/bin/msgfmt)
Configuring io.github.tobagin.karere.metainfo.xml.in using configuration
Configuring io.github.tobagin.karere.Dev.gschema.xml using configuration
Dependency gio-2.0 found: YES 2.86.2 (cached)
Program /usr/bin/glib-compile-schemas found: YES (/usr/bin/glib-compile-schemas)
Program blueprint-compiler found: YES (/usr/bin/blueprint-compiler)
Dependency gio-2.0 found: YES 2.86.2 (cached)
Program /usr/bin/glib-compile-resources found: YES (/usr/bin/glib-compile-resources)
Program msginit found: YES (/usr/bin/msginit)
Program msgmerge found: YES (/usr/bin/msgmerge)
Program xgettext found: YES (/usr/bin/xgettext)
Build targets in project: 16

karere 2.0.7

  User defined options
    libdir : /app/lib
    prefix : /app
    profile: development

Found ninja-1.13.2 at /usr/bin/ninja
[0/13] Generating cargo-build with a custom command (wrapped by meson to set env)
DEBUG: Cargo target dir: /run/build/karere/_flatpak_build/target
    Updating crates.io index
 Downloading crates ...
  Downloaded cairo-sys-rs v0.21.5
  Downloaded atomic-waker v1.1.2
  Downloaded endi v1.1.1
  Downloaded colorchoice v1.0.4
  Downloaded env_filter v0.1.4
  Downloaded enumflags2_derive v0.7.12
  Downloaded cfg_aliases v0.2.1
  Downloaded pastey v0.2.1
  Downloaded futures-io v0.3.31
  Downloaded locale_config v0.3.0
  Downloaded gdk-pixbuf-sys v0.21.5
  Downloaded futures-task v0.3.31
  Downloaded futures-core v0.3.31
  Downloaded form_urlencoded v1.2.2
  Downloaded async-channel v2.5.0
  Downloaded field-offset v0.3.6
  Downloaded ordered-stream v0.2.0
  Downloaded anstyle-query v1.1.5
  Downloaded event-listener-strategy v0.5.4
  Downloaded equivalent v1.0.2
  Downloaded lazy_static v1.5.0
  Downloaded heck v0.5.0
  Downloaded gettext-rs v0.7.7
  Downloaded is_terminal_polyfill v1.70.2
  Downloaded gdk4-wayland-sys v0.10.3
  Downloaded fastrand v2.3.0
  Downloaded graphene-sys v0.21.5
  Downloaded parking v2.2.1
  Downloaded memoffset v0.9.1
  Downloaded potential_utf v0.1.4
  Downloaded idna_adapter v1.2.1
  Downloaded hex v0.4.3
  Downloaded errno v0.3.14
  Downloaded javascriptcore6-sys v0.5.0
  Downloaded gdk4-x11-sys v0.10.3
  Downloaded javascriptcore6 v0.5.0
  Downloaded gdk4-x11 v0.10.3
  Downloaded glib-build-tools v0.21.0
  Downloaded gdk4-wayland v0.10.3
  Downloaded percent-encoding v2.3.2
  Downloaded proc-macro-crate v3.4.0
  Downloaded piper v0.2.4
  Downloaded cfg-if v1.0.4
  Downloaded autocfg v1.5.0
  Downloaded async-process v2.5.0
  Downloaded async-broadcast v0.7.2
  Downloaded displaydoc v0.2.5
  Downloaded futures-channel v0.3.31
  Downloaded futures-macro v0.3.31
  Downloaded find-msvc-tools v0.1.6
  Downloaded anstyle-parse v0.2.7
  Downloaded anstream v0.6.21
  Downloaded enumflags2 v0.7.12
  Downloaded futures-executor v0.3.31
  Downloaded concurrent-queue v2.5.0
  Downloaded async-signal v0.2.13
  Downloaded zvariant_derive v5.8.0
  Downloaded gdk-pixbuf v0.21.5
  Downloaded env_logger v0.11.8
  Downloaded gsk4-sys v0.10.3
  Downloaded graphene-rs v0.21.5
  Downloaded zerofrom v0.1.6
  Downloaded gtk4-macros v0.10.3
  Downloaded stable_deref_trait v1.2.1
  Downloaded gobject-sys v0.21.5
  Downloaded anstyle v1.0.13
  Downloaded blocking v1.6.2
  Downloaded crossbeam-utils v0.8.21
  Downloaded libadwaita-sys v0.8.1
  Downloaded bitflags v2.10.0
  Downloaded async-trait v0.1.89
  Downloaded async-task v4.7.1
  Downloaded version-compare v0.2.1
  Downloaded temp-dir v0.1.16
  Downloaded async-executor v1.13.3
  Downloaded gsk4 v0.10.3
  Downloaded zvariant_utils v3.2.1
  Downloaded serde_spanned v1.0.4
  Downloaded futures-lite v2.6.1
  Downloaded serde_repr v0.1.20
  Downloaded yoke-derive v0.8.1
  Downloaded cairo-rs v0.21.5
  Downloaded zerofrom-derive v0.1.6
  Downloaded anyhow v1.0.100
  Downloaded utf8parse v0.2.2
  Downloaded utf8_iter v1.0.4
  Downloaded cfg-expr v0.20.5
  Downloaded icu_provider v2.1.1
  Downloaded event-listener v5.4.1
  Downloaded getrandom v0.3.4
  Downloaded icu_properties v2.1.2
  Downloaded icu_normalizer v2.1.1
  Downloaded icu_normalizer_data v2.1.1
  Downloaded glib-macros v0.21.5
  Downloaded icu_locale_core v2.1.1
  Downloaded icu_collections v2.1.1
  Downloaded rustc_version v0.4.1
  Downloaded ppv-lite86 v0.2.21
  Downloaded pin-utils v0.1.0
  Downloaded glib-sys v0.21.5
  Downloaded quote v1.0.42
  Downloaded semver v1.0.27
  Downloaded gio-sys v0.21.5
  Downloaded ksni v0.3.3
  Downloaded rand_core v0.9.3
  Downloaded gdk4 v0.10.3
  Downloaded rand_chacha v0.9.0
  Downloaded gtk4-sys v0.10.3
  Downloaded pin-project-lite v0.2.16
  Downloaded tinystr v0.8.2
  Downloaded writeable v0.6.2
  Downloaded zerovec-derive v0.11.2
  Downloaded toml_datetime v0.7.5+spec-1.1.0
  Downloaded futures-util v0.3.31
  Downloaded toml_writer v1.0.6+spec-1.1.0
  Downloaded icu_properties_data v2.1.2
  Downloaded tokio-macros v2.6.0
  Downloaded once_cell v1.21.3
  Downloaded litemap v0.8.1
  Downloaded soup3-sys v0.8.0
  Downloaded pango-sys v0.21.5
  Downloaded gio v0.21.5
  Downloaded webkit6-sys v0.5.0
  Downloaded tracing-attributes v0.1.31
  Downloaded synstructure v0.13.2
  Downloaded glib v0.21.5
  Downloaded zbus_macros v5.12.0
  Downloaded yoke v0.8.1
  Downloaded slab v0.4.11
  Downloaded shlex v1.3.0
  Downloaded libadwaita v0.8.1
  Downloaded smallvec v1.15.1
  Downloaded unicode-ident v1.0.22
  Downloaded pango v0.21.5
  Downloaded serde_core v1.0.228
  Downloaded toml v0.9.10+spec-1.1.0
  Downloaded gtk4 v0.10.3
  Downloaded uuid v1.19.0
  Downloaded soup3 v0.8.0
  Downloaded serde_derive v1.0.228
  Downloaded x11 v2.21.0
  Downloaded zerotrie v0.2.3
  Downloaded webkit6 v0.5.0
  Downloaded memchr v2.7.6
  Downloaded url v2.5.7
  Downloaded tracing-core v0.1.36
  Downloaded zvariant v5.8.0
  Downloaded toml_edit v0.23.10+spec-1.0.0
  Downloaded toml_parser v1.0.6+spec-1.1.0
  Downloaded socket2 v0.6.1
  Downloaded polling v3.11.0
  Downloaded proc-macro2 v1.0.104
  Downloaded libc v0.2.178
  Downloaded serde v1.0.228
  Downloaded rand v0.9.2
  Downloaded mio v1.1.1
  Downloaded zerovec v0.11.5
  Downloaded jiff v0.2.17
  Downloaded zbus v5.12.0
  Downloaded regex v1.12.2
  Downloaded log v0.4.29
  Downloaded idna v1.1.0
  Downloaded target-lexicon v0.13.3
  Downloaded static_assertions v1.1.0
  Downloaded signal-hook-registry v1.4.8
  Downloaded zbus_names v4.2.0
  Downloaded winnow v0.7.14
  Downloaded system-deps v7.0.7
  Downloaded hashbrown v0.16.1
  Downloaded ashpd v0.12.0
  Downloaded zerocopy v0.8.31
  Downloaded aho-corasick v1.1.4
  Downloaded syn v2.0.112
  Downloaded nix v0.30.1
  Downloaded pkg-config v0.3.32
  Downloaded indexmap v2.12.1
  Downloaded regex-syntax v0.8.8
  Downloaded cc v1.2.51
  Downloaded gdk4-sys v0.10.3
  Downloaded rustix v1.1.3
  Downloaded tracing v0.1.44
  Downloaded bytes v1.11.0
  Downloaded async-lock v3.4.2
  Downloaded async-io v2.6.0
  Downloaded regex-automata v0.4.13
  Downloaded tokio v1.48.0
  Downloaded linux-raw-sys v0.11.0
  Downloaded gettext-sys v0.26.0
   Compiling winnow v0.7.14
   Compiling toml_datetime v0.7.5+spec-1.1.0
   Compiling target-lexicon v0.13.3
   Compiling pkg-config v0.3.32
   Compiling heck v0.5.0
   Compiling serde_spanned v1.0.4
   Compiling smallvec v1.15.1
   Compiling version-compare v0.2.1
   Compiling proc-macro2 v1.0.104
   Compiling quote v1.0.42
   Compiling unicode-ident v1.0.22
   Compiling libc v0.2.178
   Compiling equivalent v1.0.2
   Compiling hashbrown v0.16.1
   Compiling pin-project-lite v0.2.16
   Compiling futures-core v0.3.31
   Compiling bitflags v2.10.0
   Compiling slab v0.4.11
   Compiling memchr v2.7.6
   Compiling serde_core v1.0.228
   Compiling futures-io v0.3.31
   Compiling futures-task v0.3.31
   Compiling pin-utils v0.1.0
   Compiling stable_deref_trait v1.2.1
   Compiling serde v1.0.228
   Compiling futures-channel v0.3.31
   Compiling autocfg v1.5.0
   Compiling crossbeam-utils v0.8.21
   Compiling parking v2.2.1
   Compiling writeable v0.6.2
   Compiling cfg-if v1.0.4
   Compiling litemap v0.8.1
   Compiling icu_normalizer_data v2.1.1
   Compiling icu_properties_data v2.1.2
   Compiling fastrand v2.3.0
   Compiling rustix v1.1.3
   Compiling semver v1.0.27
   Compiling futures-lite v2.6.1
   Compiling linux-raw-sys v0.11.0
   Compiling indexmap v2.12.1
   Compiling percent-encoding v2.3.2
   Compiling memoffset v0.9.1
   Compiling async-io v2.6.0
   Compiling rustc_version v0.4.1
   Compiling cfg-expr v0.20.5
   Compiling concurrent-queue v2.5.0
   Compiling utf8_iter v1.0.4
   Compiling form_urlencoded v1.2.2
   Compiling field-offset v0.3.6
   Compiling aho-corasick v1.1.4
   Compiling getrandom v0.3.4
   Compiling zerocopy v0.8.31
   Compiling syn v2.0.112
   Compiling event-listener v5.4.1
   Compiling regex-syntax v0.8.8
   Compiling endi v1.1.1
   Compiling cfg_aliases v0.2.1
   Compiling async-task v4.7.1
   Compiling event-listener-strategy v0.5.4
   Compiling nix v0.30.1
   Compiling async-channel v2.5.0
   Compiling shlex v1.3.0
   Compiling atomic-waker v1.1.2
   Compiling once_cell v1.21.3
   Compiling find-msvc-tools v0.1.6
   Compiling static_assertions v1.1.0
   Compiling tracing-core v0.1.36
   Compiling piper v0.2.4
   Compiling cc v1.2.51
   Compiling async-lock v3.4.2
   Compiling x11 v2.21.0
   Compiling temp-dir v0.1.16
   Compiling bytes v1.11.0
   Compiling blocking v1.6.2
   Compiling async-executor v1.13.3
   Compiling toml_parser v1.0.6+spec-1.1.0
   Compiling errno v0.3.14
   Compiling signal-hook-registry v1.4.8
   Compiling socket2 v0.6.1
   Compiling mio v1.1.1
   Compiling toml v0.9.10+spec-1.1.0
   Compiling toml_edit v0.23.10+spec-1.0.0
   Compiling rand_core v0.9.3
   Compiling system-deps v7.0.7
   Compiling uuid v1.19.0
   Compiling async-broadcast v0.7.2
   Compiling regex-automata v0.4.13
   Compiling ordered-stream v0.2.0
   Compiling hex v0.4.3
   Compiling utf8parse v0.2.2
   Compiling anstyle-parse v0.2.7
   Compiling proc-macro-crate v3.4.0
   Compiling ppv-lite86 v0.2.21
   Compiling gettext-sys v0.26.0
   Compiling log v0.4.29
   Compiling anstyle-query v1.1.5
   Compiling colorchoice v1.0.4
   Compiling is_terminal_polyfill v1.70.2
   Compiling lazy_static v1.5.0
   Compiling anyhow v1.0.100
   Compiling anstyle v1.0.13
   Compiling jiff v0.2.17
   Compiling glib-sys v0.21.5
   Compiling gobject-sys v0.21.5
   Compiling gio-sys v0.21.5
   Compiling cairo-sys-rs v0.21.5
   Compiling pango-sys v0.21.5
   Compiling gdk-pixbuf-sys v0.21.5
   Compiling gdk4-sys v0.10.3
   Compiling graphene-sys v0.21.5
   Compiling gsk4-sys v0.10.3
   Compiling gtk4-sys v0.10.3
   Compiling soup3-sys v0.8.0
   Compiling javascriptcore6-sys v0.5.0
   Compiling gdk4-wayland-sys v0.10.3
   Compiling gdk4-x11-sys v0.10.3
   Compiling webkit6-sys v0.5.0
   Compiling libadwaita-sys v0.8.1
   Compiling rand_chacha v0.9.0
   Compiling anstream v0.6.21
   Compiling pastey v0.2.1
   Compiling rand v0.9.2
   Compiling synstructure v0.13.2
   Compiling futures-macro v0.3.31
   Compiling glib-macros v0.21.5
   Compiling zerofrom-derive v0.1.6
   Compiling yoke-derive v0.8.1
   Compiling zerovec-derive v0.11.2
   Compiling serde_derive v1.0.228
   Compiling displaydoc v0.2.5
   Compiling enumflags2_derive v0.7.12
   Compiling regex v1.12.2
   Compiling tokio-macros v2.6.0
   Compiling gtk4-macros v0.10.3
   Compiling polling v3.11.0
   Compiling tracing-attributes v0.1.31
   Compiling serde_repr v0.1.20
   Compiling async-trait v0.1.89
   Compiling futures-util v0.3.31
   Compiling async-signal v0.2.13
   Compiling tokio v1.48.0
   Compiling env_filter v0.1.4
   Compiling async-process v2.5.0
   Compiling zerofrom v0.1.6
   Compiling locale_config v0.3.0
   Compiling yoke v0.8.1
   Compiling zerovec v0.11.5
   Compiling zerotrie v0.2.3
   Compiling tracing v0.1.44
   Compiling tinystr v0.8.2
   Compiling potential_utf v0.1.4
   Compiling icu_collections v2.1.1
   Compiling icu_locale_core v2.1.1
   Compiling env_logger v0.11.8
   Compiling gettext-rs v0.7.7
   Compiling futures-executor v0.3.31
   Compiling icu_provider v2.1.1
   Compiling glib v0.21.5
   Compiling icu_properties v2.1.2
   Compiling icu_normalizer v2.1.1
   Compiling zvariant_utils v3.2.1
   Compiling enumflags2 v0.7.12
   Compiling zvariant_derive v5.8.0
   Compiling idna_adapter v1.2.1
   Compiling idna v1.1.0
   Compiling zvariant v5.8.0
   Compiling url v2.5.7
   Compiling zbus_names v4.2.0
   Compiling zbus_macros v5.12.0
   Compiling zbus v5.12.0
   Compiling gio v0.21.5
   Compiling cairo-rs v0.21.5
   Compiling graphene-rs v0.21.5
   Compiling javascriptcore6 v0.5.0
   Compiling ksni v0.3.3
   Compiling glib-build-tools v0.21.0
   Compiling karere v2.0.7 (/run/build/karere)
   Compiling gdk-pixbuf v0.21.5
   Compiling pango v0.21.5
   Compiling soup3 v0.8.0
   Compiling gdk4 v0.10.3
   Compiling gsk4 v0.10.3
   Compiling gdk4-wayland v0.10.3
   Compiling gdk4-x11 v0.10.3
   Compiling gtk4 v0.10.3
   Compiling webkit6 v0.5.0
   Compiling libadwaita v0.8.1
   Compiling ashpd v0.12.0
error[E0603]: enum `Icon` is private
   --> src/window.rs:606:77
    |
606 | ...                   .icon(ashpd::desktop::notification::Icon::Themed("dialog-information-symbolic".to_string()))
    |                                                           ^^^^ private enum
    |
note: the enum `Icon` is defined here
   --> /run/build/karere/_flatpak_build/cargo-home/registry/src/index.crates.io-1949cf8c6b5b557f/ashpd-0.12.0/src/desktop/notification.rs:59:5
    |
 59 | use super::Icon;
    |     ^^^^^^^^^^^
help: consider importing this enum instead
    |
606 -                                         .icon(ashpd::desktop::notification::Icon::Themed("dialog-information-symbolic".to_string()))
606 +                                         .icon(ashpd::desktop::Icon::Themed("dialog-information-symbolic".to_string()))
    |
help: import `Icon` directly
    |
606 -                                         .icon(ashpd::desktop::notification::Icon::Themed("dialog-information-symbolic".to_string()))
606 +                                         .icon(ashpd::desktop::icon::Icon("dialog-information-symbolic".to_string()))
    |

error[E0277]: the trait bound `std::option::Option<&str>: From<&std::string::String>` is not satisfied
   --> src/window.rs:605:47
    |
605 | ...                   .body(&body_clone)
    |                        ---- ^^^^^^^^^^^ the trait `From<&std::string::String>` is not implemented for `std::option::Option<&str>`
    |                        |
    |                        required by a bound introduced by this call
    |
    = note: required for `&std::string::String` to implement `Into<std::option::Option<&str>>`
note: required by a bound in `ashpd::desktop::notification::Notification::body`
   --> /run/build/karere/_flatpak_build/cargo-home/registry/src/index.crates.io-1949cf8c6b5b557f/ashpd-0.12.0/src/desktop/notification.rs:324:42
    |
324 |     pub fn body<'a>(mut self, body: impl Into<Option<&'a str>>) -> Self {
    |                                          ^^^^^^^^^^^^^^^^^^^^^ required by this bound in `Notification::body`
help: consider dereferencing here
    |
605 |                                         .body(&*body_clone)
    |                                                +

error[E0599]: no variant or associated item named `Themed` found for enum `ashpd::desktop::Icon` in the current scope
   --> src/window.rs:606:83
    |
606 | ...                   .icon(ashpd::desktop::notification::Icon::Themed("dialog-information-symbolic".to_string()))
    |                                                                 ^^^^^^ variant or associated item not found in `ashpd::desktop::Icon`
    |
note: if you're trying to build a new `ashpd::desktop::Icon`, consider using `ashpd::desktop::Icon::with_names` which returns `ashpd::desktop::Icon`
   --> /run/build/karere/_flatpak_build/cargo-home/registry/src/index.crates.io-1949cf8c6b5b557f/ashpd-0.12.0/src/desktop/icon.rs:30:5
    |
 30 | /     pub fn with_names<N>(names: impl IntoIterator<Item = N>) -> Self
 31 | |     where
 32 | |         N: ToString,
    | |____________________^

error[E0308]: mismatched types
   --> src/window.rs:613:94
    |
613 | ...                   if let Err(e) = proxy.add_notification(&notification_id, &notif).await {
    |                                             ----------------                   ^^^^^^ expected `Notification`, found `&Notification`
    |                                             |
    |                                             arguments to this method are incorrect
    |
note: method defined here
   --> /run/build/karere/_flatpak_build/cargo-home/registry/src/index.crates.io-1949cf8c6b5b557f/ashpd-0.12.0/src/desktop/notification.rs:619:18
    |
619 |     pub async fn add_notification(
    |                  ^^^^^^^^^^^^^^^^
help: consider removing the borrow
    |
613 -                                     if let Err(e) = proxy.add_notification(&notification_id, &notif).await {
613 +                                     if let Err(e) = proxy.add_notification(&notification_id, notif).await {
    |

warning: use of deprecated method `gtk4::CssProvider::load_from_data`: Since 4.12
   --> src/window.rs:738:31
    |
738 | ...   provider.load_from_data(":focus { outline-width: 2px; outline-style: solid; outline-color: alpha(currentColor, 0.7); }");
    |                ^^^^^^^^^^^^^^
    |
    = note: `#[warn(deprecated)]` on by default

warning: use of deprecated method `gtk4::CssProvider::load_from_data`: Since 4.12
   --> src/window.rs:740:31
    |
740 |                      provider.load_from_data(""); 
    |                               ^^^^^^^^^^^^^^

Some errors have detailed explanations: E0277, E0308, E0599, E0603.
For more information about an error, try `rustc --explain E0277`.
warning: `karere` (bin "karere") generated 2 warnings
error: could not compile `karere` (bin "karere") due to 4 previous errors; 2 warnings emitted
[1/13] Compiling gschemas data/gsettings-compile-data
No schema files found: doing nothing.
[9/13] Generating data/window_ui with a custom command
warning: Unused import: WebKit
at ../data/ui/window.blp line 3 column 1:
   3 |using WebKit 6.0;
     |^^^^^^^^^^^^^^^^^
suggestion: remove using WebKit 6.0;


[12/13] Generating data/karere_gresource with a custom command
FAILED: [code=101] karere 
env CARGO_HOME=/run/build/karere/_flatpak_build/cargo-home CARGO_TARGET_DIR=/run/build/karere/_flatpak_build/target /run/build/karere/build-aux/cargo.sh /run/build/karere/_flatpak_build /run/build/karere karere --release
ninja: build stopped: subcommand failed.
Error: module karere: Child process exited with code 101
